<?xml version="1.0" encoding="UTF-8"?>
<testng-results skipped="0" failed="0" ignored="0" total="1" passed="1">
  <reporter-output>
  </reporter-output>
  <suite name="Suite" duration-ms="6059" started-at="2021-01-09T04:37:40Z" finished-at="2021-01-09T04:37:46Z">
    <groups>
    </groups>
    <test name="Test" duration-ms="6059" started-at="2021-01-09T04:37:40Z" finished-at="2021-01-09T04:37:46Z">
      <class name="org.sampletest.SampleTest">
        <test-method status="PASS" signature="beforeClass()[pri:0, instance:org.sampletest.SampleTest@6093dd95]" name="beforeClass" is-config="true" duration-ms="5749" started-at="2021-01-09T04:37:40Z" finished-at="2021-01-09T04:37:45Z">
          <reporter-output>
          </reporter-output>
        </test-method> <!-- beforeClass -->
        <test-method status="PASS" signature="beforeMethod()[pri:0, instance:org.sampletest.SampleTest@6093dd95]" name="beforeMethod" is-config="true" duration-ms="1" started-at="2021-01-09T04:37:45Z" finished-at="2021-01-09T04:37:45Z">
          <reporter-output>
          </reporter-output>
        </test-method> <!-- beforeMethod -->
        <test-method status="PASS" signature="testMethod(java.lang.String, java.lang.String)[pri:0, instance:org.sampletest.SampleTest@6093dd95]" name="testMethod" duration-ms="272" started-at="2021-01-09T04:37:45Z" finished-at="2021-01-09T04:37:46Z">
          <params>
            <param index="0">
              <value>
                <![CDATA[java@123]]>
              </value>
            </param>
            <param index="1">
              <value>
                <![CDATA[welcome]]>
              </value>
            </param>
          </params>
          <reporter-output>
          </reporter-output>
        </test-method> <!-- testMethod -->
        <test-method status="PASS" signature="afterMethod()[pri:0, instance:org.sampletest.SampleTest@6093dd95]" name="afterMethod" is-config="true" duration-ms="1" started-at="2021-01-09T04:37:46Z" finished-at="2021-01-09T04:37:46Z">
          <reporter-output>
          </reporter-output>
        </test-method> <!-- afterMethod -->
      </class> <!-- org.sampletest.SampleTest -->
    </test> <!-- Test -->
  </suite> <!-- Suite -->
</testng-results>
